<?xml version="1.0" encoding="UTF-8"?>
<testng-results skipped="0" failed="0" ignored="0" total="1" passed="1">
  <reporter-output>
  </reporter-output>
  <suite name="Default suite" duration-ms="8355" started-at="2020-10-21T20:23:42 IST" finished-at="2020-10-21T20:23:50 IST">
    <groups>
    </groups>
    <test name="Default test" duration-ms="8355" started-at="2020-10-21T20:23:42 IST" finished-at="2020-10-21T20:23:50 IST">
      <class name="com.dotcom.testcase.kickStart">
        <test-method status="PASS" signature="before()[pri:0, instance:com.dotcom.testcase.kickStart@57e1b0c]" name="before" is-config="true" duration-ms="365" started-at="2020-10-21T20:23:42 IST" finished-at="2020-10-21T20:23:42 IST">
          <reporter-output>
          </reporter-output>
        </test-method> <!-- before -->
        <test-method status="PASS" signature="setUp(java.lang.reflect.Method)[pri:0, instance:com.dotcom.testcase.kickStart@57e1b0c]" name="setUp" is-config="true" duration-ms="4" started-at="2020-10-21T20:23:42 IST" finished-at="2020-10-21T20:23:42 IST">
          <params>
            <param index="0">
              <value>
                <![CDATA[public void com.dotcom.testcase.kickStart.SignIn() throws java.lang.Throwable]]>
              </value>
            </param>
          </params>
          <reporter-output>
          </reporter-output>
        </test-method> <!-- setUp -->
        <test-method status="PASS" signature="SignIn()[pri:0, instance:com.dotcom.testcase.kickStart@57e1b0c]" name="SignIn" duration-ms="8276" started-at="2020-10-21T20:23:42 IST" finished-at="2020-10-21T20:23:50 IST">
          <reporter-output>
          </reporter-output>
        </test-method> <!-- SignIn -->
        <test-method status="PASS" signature="endTest()[pri:0, instance:com.dotcom.testcase.kickStart@57e1b0c]" name="endTest" is-config="true" duration-ms="403" started-at="2020-10-21T20:23:50 IST" finished-at="2020-10-21T20:23:51 IST">
          <reporter-output>
          </reporter-output>
        </test-method> <!-- endTest -->
      </class> <!-- com.dotcom.testcase.kickStart -->
    </test> <!-- Default test -->
  </suite> <!-- Default suite -->
</testng-results>
